<?xml version="1.0" encoding="UTF-8"?>
<!-- Generated by org.testng.reporters.JUnitXMLReporter -->
<testsuite ignored="0" hostname="CPX-01PTR7VXS1V" failures="0" tests="5" name="Default test" time="116.211" errors="0" timestamp="2022-04-25T20:03:03 CEST">
  <testcase classname="TestCase.TestCases" name="invalidLogin" time="5.103"/>
  <testcase classname="TestCase.TestCases" name="validLogin" time="6.51"/>
  <testcase classname="TestCase.TestCases" name="searchVerification" time="14.527"/>
  <testcase classname="TestCase.TestCases" name="buyLater" time="19.558"/>
  <testcase classname="TestCase.TestCases" name="priceVerification" time="24.665"/>
</testsuite> <!-- Default test -->
